Построение начато 18.06.2018 9:11:17.
     1>Проект "C:\Users\Михаил\Desktop\Флешка\ОАП\13\Lab 13\Lab 13\Lab 13.vcxproj" в узле 2 (целевые объекты Build).
       Файл проекта содержит ToolsVersion="15.0". Возможно, этот набор инструментов неизвестен или отсутствует (в этом случае проблему можно устранить, установив подходящую версию MSBuild), либо для данной сборки определено конкретное значение ToolsVersion в параметрах политики. Проект обрабатывается как имеющий ToolsVersion="4.0". Дополнительные сведения см. по ссылке http://go.microsoft.com/fwlink/?LinkId=291333.
     1>ClCompile:
         C:\Program Files (x86)\Microsoft Visual Studio 11.0\VC\bin\x86_amd64\CL.exe /c /Zi /nologo /W3 /WX- /sdl /Od /D _DEBUG /D _CONSOLE /D _UNICODE /D UNICODE /Gm /EHsc /RTC1 /MDd /GS /fp:precise /Zc:wchar_t /Zc:forScope /Yc"stdafx.h" /Fp"x64\Debug\Lab 13.pch" /Fo"x64\Debug\\" /Fd"x64\Debug\vc110.pdb" /Gd /TP /errorReport:prompt stdafx.cpp
         stdafx.cpp
         C:\Program Files (x86)\Microsoft Visual Studio 11.0\VC\bin\x86_amd64\CL.exe /c /Zi /nologo /W3 /WX- /sdl /Od /D _DEBUG /D _CONSOLE /D _UNICODE /D UNICODE /Gm /EHsc /RTC1 /MDd /GS /fp:precise /Zc:wchar_t /Zc:forScope /Yu"stdafx.h" /Fp"x64\Debug\Lab 13.pch" /Fo"x64\Debug\\" /Fd"x64\Debug\vc110.pdb" /Gd /TP /errorReport:prompt Heap.cpp Lab13.cpp Source.cpp
         Source.cpp
         Lab13.cpp
         Heap.cpp
         Создание кода...
       Link:
         C:\Program Files (x86)\Microsoft Visual Studio 11.0\VC\bin\x86_amd64\link.exe /ERRORREPORT:PROMPT /OUT:"C:\Users\Михаил\Desktop\Флешка\ОАП\13\Lab 13\x64\Debug\Lab 13.exe" /INCREMENTAL /NOLOGO kernel32.lib user32.lib gdi32.lib winspool.lib comdlg32.lib advapi32.lib shell32.lib ole32.lib oleaut32.lib uuid.lib odbc32.lib odbccp32.lib /MANIFEST /MANIFESTUAC:"level='asInvoker' uiAccess='false'" /manifest:embed /DEBUG /PDB:"C:\Users\Михаил\Desktop\Флешка\ОАП\13\Lab 13\x64\Debug\Lab 13.pdb" /SUBSYSTEM:CONSOLE /TLBID:1 /DYNAMICBASE /NXCOMPAT /IMPLIB:"C:\Users\Михаил\Desktop\Флешка\ОАП\13\Lab 13\x64\Debug\Lab 13.lib" /MACHINE:X64 x64\Debug\Heap.obj
         x64\Debug\Lab13.obj
         x64\Debug\Source.obj
         x64\Debug\stdafx.obj
         Lab 13.vcxproj -> C:\Users\Михаил\Desktop\Флешка\ОАП\13\Lab 13\x64\Debug\Lab 13.exe
     1>Построение проекта "C:\Users\Михаил\Desktop\Флешка\ОАП\13\Lab 13\Lab 13\Lab 13.vcxproj" завершено (целевые объекты Build).

Построение успешно завершено.

Затраченное время: 00:00:01.22
