  13.cpp
c:\users\adminpc\desktop\лабы\2 семестр\оаип\13\13\13.cpp(81): error C2065: i: необъявленный идентификатор
c:\users\adminpc\desktop\лабы\2 семестр\оаип\13\13\13.cpp(81): error C4430: отсутствует спецификатор типа - предполагается int. Примечание. C++ не поддерживает int по умолчанию
c:\users\adminpc\desktop\лабы\2 семестр\оаип\13\13\13.cpp(81): error C2065: Size: необъявленный идентификатор
c:\users\adminpc\desktop\лабы\2 семестр\оаип\13\13\13.cpp(82): error C2143: синтаксическая ошибка: отсутствие ";" перед "--"
c:\users\adminpc\desktop\лабы\2 семестр\оаип\13\13\13.cpp(82): error C4430: отсутствует спецификатор типа - предполагается int. Примечание. C++ не поддерживает int по умолчанию
c:\users\adminpc\desktop\лабы\2 семестр\оаип\13\13\13.cpp(83): error C4430: отсутствует спецификатор типа - предполагается int. Примечание. C++ не поддерживает int по умолчанию
c:\users\adminpc\desktop\лабы\2 семестр\оаип\13\13\13.cpp(84): error C2059: синтаксическая ошибка: return
c:\users\adminpc\desktop\лабы\2 семестр\оаип\13\13\13.cpp(88): error C2653: Heap: не является именем класса или пространства имен
c:\users\adminpc\desktop\лабы\2 семестр\оаип\13\13\13.cpp(90): error C3861: isEmpty: идентификатор не найден
c:\users\adminpc\desktop\лабы\2 семестр\оаип\13\13\13.cpp(92): error C2065: Storage: необъявленный идентификатор
c:\users\adminpc\desktop\лабы\2 семестр\оаип\13\13\13.cpp(93): error C2065: Storage: необъявленный идентификатор
c:\users\adminpc\desktop\лабы\2 семестр\оаип\13\13\13.cpp(93): error C2065: Size: необъявленный идентификатор
c:\users\adminpc\desktop\лабы\2 семестр\оаип\13\13\13.cpp(94): error C2065: Size: необъявленный идентификатор
c:\users\adminpc\desktop\лабы\2 семестр\оаип\13\13\13.cpp(95): error C3861: Heapify: идентификатор не найден
c:\users\adminpc\desktop\лабы\2 семестр\оаип\13\13\13.cpp(103): error C2653: Heap: не является именем класса или пространства имен
c:\users\adminpc\desktop\лабы\2 семестр\оаип\13\13\13.cpp(104): error C2270: Scan: модификаторы недопустимы для функций, не являющихся членами
c:\users\adminpc\desktop\лабы\2 семестр\оаип\13\13\13.cpp(106): error C2065: Size: необъявленный идентификатор
c:\users\adminpc\desktop\лабы\2 семестр\оаип\13\13\13.cpp(107): error C2065: Size: необъявленный идентификатор
c:\users\adminpc\desktop\лабы\2 семестр\оаип\13\13\13.cpp(110): error C2065: Storage: необъявленный идентификатор
c:\users\adminpc\desktop\лабы\2 семестр\оаип\13\13\13.cpp(110): error C2227: выражение слева от "->Print" должно указывать на тип класса, структуры или объединения либо на универсальный тип
c:\users\adminpc\desktop\лабы\2 семестр\оаип\13\13\13.cpp(118): error C2653: Heap: не является именем класса или пространства имен
c:\users\adminpc\desktop\лабы\2 семестр\оаип\13\13\13.cpp(120): error C3861: isEmpty: идентификатор не найден
c:\users\adminpc\desktop\лабы\2 семестр\оаип\13\13\13.cpp(122): error C2065: Size: необъявленный идентификатор
c:\users\adminpc\desktop\лабы\2 семестр\оаип\13\13\13.cpp(122): error C2355: "this": может указываться только в нестатических членах-функциях или инициализаторах нестатических членов данных
c:\users\adminpc\desktop\лабы\2 семестр\оаип\13\13\13.cpp(125): error C2059: синтаксическая ошибка: }
c:\users\adminpc\desktop\лабы\2 семестр\оаип\13\13\13.cpp(125): error C2143: синтаксическая ошибка: отсутствие ";" перед "}"
